#-----------------------------------------------------------
# Vivado v2016.3 (64-bit)
# SW Build 1682563 on Mon Oct 10 19:07:26 MDT 2016
# IP Build 1681267 on Mon Oct 10 21:28:31 MDT 2016
# Start of session at: Wed Mar 13 16:47:36 2019
# Process ID: 19270
# Current directory: /afs/slac.stanford.edu/g/reseng/vol10/hwdb
# Command line: vivado -mode tcl
# Log file: /afs/slac.stanford.edu/g/reseng/vol10/hwdb/vivado.log
# Journal file: /afs/slac.stanford.edu/g/reseng/vol10/hwdb/vivado.jou
#-----------------------------------------------------------
open_hw
connect_hw_server
INFO: [Labtools 27-2285] Connecting to hw_server url TCP:localhost:3121
INFO: [Labtools 27-2222] Launching hw_server...
INFO: [Labtools 27-2221] Launch Output:

****** Xilinx hw_server v2016.3
  **** Build date : Oct 10 2016-19:35:55
    ** Copyright 1986-2016 Xilinx, Inc. All Rights Reserved.


localhost:3121
get_hw_target *13b36b5e01
localhost:3121/xilinx_tcf/Xilinx/000013b36b5e01
current_hw_target [get_hw_target *13b36b5e01]
localhost:3121/xilinx_tcf/Xilinx/000013b36b5e01
open_hw_target -quiet
open_hw_target 
INFO: [Labtoolstcl 44-466] Opening hw_target localhost:3121/xilinx_tcf/Xilinx/000013b36b5e01
quit
INFO: [Common 17-206] Exiting Vivado at Wed Mar 13 16:49:48 2019...
